<?xml version="1.0" encoding="UTF-8"?>
<testng-results skipped="0" failed="0" total="1" passed="1">
  <reporter-output>
  </reporter-output>
  <suite name="MyTest" duration-ms="11739" started-at="2017-06-13T07:31:29Z" finished-at="2017-06-13T07:31:41Z">
    <groups>
    </groups>
    <test name="automation" duration-ms="11739" started-at="2017-06-13T07:31:29Z" finished-at="2017-06-13T07:31:41Z">
      <class name="com.ZhiHu.autotest.testCase.Something">
        <test-method status="PASS" signature="setUp()[pri:0, instance:com.ZhiHu.autotest.testCase.Something@57536d79]" name="setUp" is-config="true" duration-ms="11728" started-at="2017-06-13T15:31:29Z" finished-at="2017-06-13T15:31:41Z">
          <reporter-output>
          </reporter-output>
        </test-method> <!-- setUp -->
        <test-method status="PASS" signature="SignIn()[pri:2, instance:com.ZhiHu.autotest.testCase.Something@57536d79]" name="SignIn" duration-ms="0" started-at="2017-06-13T15:31:41Z" finished-at="2017-06-13T15:31:41Z">
          <reporter-output>
          </reporter-output>
        </test-method> <!-- SignIn -->
        <test-method status="PASS" signature="teardown()[pri:0, instance:com.ZhiHu.autotest.testCase.Something@57536d79]" name="teardown" is-config="true" duration-ms="0" started-at="2017-06-13T15:31:41Z" finished-at="2017-06-13T15:31:41Z">
          <reporter-output>
          </reporter-output>
        </test-method> <!-- teardown -->
      </class> <!-- com.ZhiHu.autotest.testCase.Something -->
    </test> <!-- automation -->
  </suite> <!-- MyTest -->
</testng-results>
