<?xml version="1.0" encoding="UTF-8"?>
<testng-results skipped="1" failed="0" total="1" passed="0">
  <reporter-output>
  </reporter-output>
  <suite name="MyTest" duration-ms="11018" started-at="2017-03-14T08:33:05Z" finished-at="2017-03-14T08:33:16Z">
    <groups>
    </groups>
    <test name="automation" duration-ms="11018" started-at="2017-03-14T08:33:05Z" finished-at="2017-03-14T08:33:16Z">
      <class name="com.ZhiHu.autotest.testCase.PeggyTestDemo">
        <test-method status="FAIL" signature="setUp()[pri:0, instance:com.ZhiHu.autotest.testCase.PeggyTestDemo@5bb21b69]" name="setUp" is-config="true" duration-ms="0" started-at="2017-03-14T16:33:05Z" finished-at="2017-03-14T16:33:05Z">
          <exception class="org.openqa.selenium.WebDriverException">
            <message>
              <![CDATA[unknown error: cannot get automation extension
from chrome not reachable
  (Session info: chrome=57.0.2987.98)
  (Driver info: chromedriver=2.26.436421 (6c1a3ab469ad86fd49c8d97ede4a6b96a49ca5f6),platform=Mac OS X 10.11.1 x86_64) (WARNING: The server did not provide any stacktrace information)
Command duration or timeout: 4.38 seconds
Build info: version: '2.52.0', revision: '4c2593c', time: '2016-02-11 19:03:33'
System info: host: 'sdc', ip: '172.31.161.180', os.name: 'Mac OS X', os.arch: 'x86_64', os.version: '10.11.1', java.version: '1.8.0_111'
Driver info: org.openqa.selenium.chrome.ChromeDriver
Capabilities [{applicationCacheEnabled=false, rotatable=false, mobileEmulationEnabled=false, networkConnectionEnabled=false, chrome={chromedriverVersion=2.26.436421 (6c1a3ab469ad86fd49c8d97ede4a6b96a49ca5f6), userDataDir=/var/folders/dh/5y072q1s287960d301z67_15p0qr0w/T/.org.chromium.Chromium.aBVoDd}, takesHeapSnapshot=true, pageLoadStrategy=normal, databaseEnabled=false, handlesAlerts=true, hasTouchScreen=false, version=57.0.2987.98, platform=MAC, browserConnectionEnabled=false, nativeEvents=true, acceptSslCerts=true, locationContextEnabled=true, webStorageEnabled=true, browserName=chrome, takesScreenshot=true, javascriptEnabled=true, cssSelectorsEnabled=true, unexpectedAlertBehaviour=}]
Session ID: e09094d417184f5354fc12d77b0e52c9]]>
            </message>
            <full-stacktrace>
              <![CDATA[org.openqa.selenium.WebDriverException: unknown error: cannot get automation extension
from chrome not reachable
  (Session info: chrome=57.0.2987.98)
  (Driver info: chromedriver=2.26.436421 (6c1a3ab469ad86fd49c8d97ede4a6b96a49ca5f6),platform=Mac OS X 10.11.1 x86_64) (WARNING: The server did not provide any stacktrace information)
Command duration or timeout: 4.38 seconds
Build info: version: '2.52.0', revision: '4c2593c', time: '2016-02-11 19:03:33'
System info: host: 'sdc', ip: '172.31.161.180', os.name: 'Mac OS X', os.arch: 'x86_64', os.version: '10.11.1', java.version: '1.8.0_111'
Driver info: org.openqa.selenium.chrome.ChromeDriver
Capabilities [{applicationCacheEnabled=false, rotatable=false, mobileEmulationEnabled=false, networkConnectionEnabled=false, chrome={chromedriverVersion=2.26.436421 (6c1a3ab469ad86fd49c8d97ede4a6b96a49ca5f6), userDataDir=/var/folders/dh/5y072q1s287960d301z67_15p0qr0w/T/.org.chromium.Chromium.aBVoDd}, takesHeapSnapshot=true, pageLoadStrategy=normal, databaseEnabled=false, handlesAlerts=true, hasTouchScreen=false, version=57.0.2987.98, platform=MAC, browserConnectionEnabled=false, nativeEvents=true, acceptSslCerts=true, locationContextEnabled=true, webStorageEnabled=true, browserName=chrome, takesScreenshot=true, javascriptEnabled=true, cssSelectorsEnabled=true, unexpectedAlertBehaviour=}]
Session ID: e09094d417184f5354fc12d77b0e52c9
	at sun.reflect.NativeConstructorAccessorImpl.newInstance0(Native Method)
	at sun.reflect.NativeConstructorAccessorImpl.newInstance(NativeConstructorAccessorImpl.java:62)
	at sun.reflect.DelegatingConstructorAccessorImpl.newInstance(DelegatingConstructorAccessorImpl.java:45)
	at java.lang.reflect.Constructor.newInstance(Constructor.java:423)
	at org.openqa.selenium.remote.ErrorHandler.createThrowable(ErrorHandler.java:206)
	at org.openqa.selenium.remote.ErrorHandler.throwIfResponseFailed(ErrorHandler.java:158)
	at org.openqa.selenium.remote.RemoteWebDriver.execute(RemoteWebDriver.java:678)
	at org.openqa.selenium.remote.RemoteWebDriver$RemoteWebDriverOptions$RemoteWindow.maximize(RemoteWebDriver.java:945)
	at com.ZhiHu.autotest.utilities.BeforeAndAfterTest.setUp(BeforeAndAfterTest.java:26)
	at sun.reflect.NativeMethodAccessorImpl.invoke0(Native Method)
	at sun.reflect.NativeMethodAccessorImpl.invoke(NativeMethodAccessorImpl.java:62)
	at sun.reflect.DelegatingMethodAccessorImpl.invoke(DelegatingMethodAccessorImpl.java:43)
	at java.lang.reflect.Method.invoke(Method.java:498)
	at org.testng.internal.MethodInvocationHelper.invokeMethod(MethodInvocationHelper.java:85)
	at org.testng.internal.Invoker.invokeConfigurationMethod(Invoker.java:510)
	at org.testng.internal.Invoker.invokeConfigurations(Invoker.java:211)
	at org.testng.internal.Invoker.invokeConfigurations(Invoker.java:138)
	at org.testng.TestRunner.beforeRun(TestRunner.java:648)
	at org.testng.TestRunner.run(TestRunner.java:616)
	at org.testng.SuiteRunner.runTest(SuiteRunner.java:359)
	at org.testng.SuiteRunner.runSequentially(SuiteRunner.java:354)
	at org.testng.SuiteRunner.privateRun(SuiteRunner.java:312)
	at org.testng.SuiteRunner.run(SuiteRunner.java:261)
	at org.testng.SuiteRunnerWorker.runSuite(SuiteRunnerWorker.java:52)
	at org.testng.SuiteRunnerWorker.run(SuiteRunnerWorker.java:86)
	at org.testng.TestNG.runSuitesSequentially(TestNG.java:1215)
	at org.testng.TestNG.runSuitesLocally(TestNG.java:1140)
	at org.testng.TestNG.run(TestNG.java:1048)
	at org.testng.TestNG.privateMain(TestNG.java:1355)
	at org.testng.TestNG.main(TestNG.java:1324)
]]>
            </full-stacktrace>
          </exception> <!-- org.openqa.selenium.WebDriverException -->
          <reporter-output>
          </reporter-output>
        </test-method> <!-- setUp -->
        <test-method status="SKIP" signature="teardown()[pri:0, instance:com.ZhiHu.autotest.testCase.PeggyTestDemo@5bb21b69]" name="teardown" is-config="true" duration-ms="0" started-at="2017-03-14T16:33:16Z" finished-at="2017-03-14T16:33:16Z">
          <reporter-output>
          </reporter-output>
        </test-method> <!-- teardown -->
        <test-method status="SKIP" signature="signIn()[pri:3, instance:com.ZhiHu.autotest.testCase.PeggyTestDemo@5bb21b69]" name="signIn" duration-ms="0" started-at="2017-03-14T16:33:16Z" finished-at="2017-03-14T16:33:16Z">
          <reporter-output>
          </reporter-output>
        </test-method> <!-- signIn -->
      </class> <!-- com.ZhiHu.autotest.testCase.PeggyTestDemo -->
    </test> <!-- automation -->
  </suite> <!-- MyTest -->
</testng-results>
