<?xml version="1.0" encoding="UTF-8"?>
<!-- Generated by org.testng.reporters.JUnitXMLReporter -->
<testsuite hostname="sdc" name="SignIn" tests="1" failures="1" timestamp="6 Feb 2017 07:19:08 GMT" time="15.469" errors="0">
  <testcase name="signIn" time="6.016" classname="com.ZhiHu.autotest.testCase.ClickSignInLabel">
    <failure type="java.lang.NullPointerException">
      <![CDATA[java.lang.NullPointerException
	at com.ZhiHu.autotest.testCase.ClickSignInLabel.signIn(ClickSignInLabel.java:72)
... Removed 24 stack frames]]>
    </failure>
  </testcase> <!-- signIn -->
</testsuite> <!-- SignIn -->
