<?xml version="1.0" encoding="UTF-8"?>
<!-- Generated by org.testng.reporters.JUnitXMLReporter -->
<testsuite hostname="sdc" name="automation" tests="1" failures="0" timestamp="22 May 2017 03:14:33 GMT" time="1.722" errors="0">
  <testcase name="@BeforeTest setUp" time="0.0" classname="com.ZhiHu.autotest.testCase.Something">
    <failure type="java.lang.NullPointerException">
      <![CDATA[java.lang.NullPointerException
	at com.ZhiHu.autotest.utilities.XmlParseHandler.getNodeValue(XmlParseHandler.java:38)
	at com.ZhiHu.autotest.testCase.BaseTestCaseForWeb.setUp(BaseTestCaseForWeb.java:34)
... Removed 22 stack frames]]>
    </failure>
  </testcase> <!-- @BeforeTest setUp -->
  <testcase name="@AfterTest teardown" time="0.0" classname="com.ZhiHu.autotest.testCase.Something">
    <skipped/>
  </testcase> <!-- @AfterTest teardown -->
  <testcase name="SignIn" time="0.002" classname="com.ZhiHu.autotest.testCase.Something">
    <skipped/>
  </testcase> <!-- SignIn -->
</testsuite> <!-- automation -->
